<?xml version="1.0" encoding="UTF-8"?>
<!-- Generated by org.testng.reporters.JUnitXMLReporter -->
<testsuite ignored="0" hostname="EC2AMAZ-S11DBRH" failures="0" tests="3" name="Default test" time="15.761" errors="0" timestamp="2023-12-12T15:56:38 GMT">
  <testcase classname="testScripts.LoginTest" name="validLogin" time="3.496"/>
  <testcase classname="testScripts.LoginTest" name="validLogin" time="3.448"/>
  <testcase classname="testScripts.LoginTest" name="validLogin" time="3.389"/>
</testsuite> <!-- Default test -->
