<?xml version="1.0" encoding="UTF-8"?>
<!-- Generated by org.testng.reporters.JUnitXMLReporter -->
<testsuite ignored="0" hostname="EC2AMAZ-S11DBRH" failures="0" tests="3" name="ModuleOneTest" time="0.065" errors="0" timestamp="2023-12-12T14:08:56 GMT">
  <testcase classname="ParallelScripts.SampleOneTest" name="testthree" time="0.011"/>
  <testcase classname="ParallelScripts.SampleOneTest" name="testtwo" time="0.012"/>
  <testcase classname="ParallelScripts.SampleOneTest" name="testone" time="0.012"/>
</testsuite> <!-- ModuleOneTest -->
