<?xml version="1.0" encoding="UTF-8"?>
<testng-results ignored="0" total="3" passed="3" failed="0" skipped="0">
  <reporter-output>
  </reporter-output>
  <suite started-at="2023-12-12T15:56:23 GMT" name="Default suite" finished-at="2023-12-12T15:56:38 GMT" duration-ms="15761">
    <groups>
    </groups>
    <test started-at="2023-12-12T15:56:23 GMT" name="Default test" finished-at="2023-12-12T15:56:38 GMT" duration-ms="15761">
      <class name="testScripts.LoginTest">
        <test-method is-config="true" signature="setup()[pri:0, instance:testScripts.LoginTest@3d1cfad4]" started-at="2023-12-12T15:56:23 GMT" name="setup" finished-at="2023-12-12T15:56:25 GMT" duration-ms="2472" status="PASS">
          <reporter-output>
          </reporter-output>
        </test-method> <!-- setup -->
        <test-method signature="validLogin(java.lang.String, java.lang.String)[pri:0, instance:testScripts.LoginTest@3d1cfad4]" started-at="2023-12-12T15:56:25 GMT" name="validLogin" data-provider="loginData" finished-at="2023-12-12T15:56:29 GMT" duration-ms="3496" status="PASS">
          <params>
            <param index="0">
              <value>
                <![CDATA[tomsmith]]>
              </value>
            </param>
            <param index="1">
              <value>
                <![CDATA[superSecretPassword!]]>
              </value>
            </param>
          </params>
          <reporter-output>
          </reporter-output>
        </test-method> <!-- validLogin -->
        <test-method is-config="true" signature="teardown()[pri:0, instance:testScripts.LoginTest@3d1cfad4]" started-at="2023-12-12T15:56:29 GMT" name="teardown" finished-at="2023-12-12T15:56:29 GMT" duration-ms="96" status="PASS">
          <reporter-output>
          </reporter-output>
        </test-method> <!-- teardown -->
        <test-method is-config="true" signature="setup()[pri:0, instance:testScripts.LoginTest@3d1cfad4]" started-at="2023-12-12T15:56:29 GMT" name="setup" finished-at="2023-12-12T15:56:30 GMT" duration-ms="1309" status="PASS">
          <reporter-output>
          </reporter-output>
        </test-method> <!-- setup -->
        <test-method signature="validLogin(java.lang.String, java.lang.String)[pri:0, instance:testScripts.LoginTest@3d1cfad4]" started-at="2023-12-12T15:56:30 GMT" name="validLogin" data-provider="loginData" finished-at="2023-12-12T15:56:33 GMT" duration-ms="3448" status="PASS">
          <params>
            <param index="0">
              <value>
                <![CDATA[testuser1]]>
              </value>
            </param>
            <param index="1">
              <value>
                <![CDATA[welcome123]]>
              </value>
            </param>
          </params>
          <reporter-output>
          </reporter-output>
        </test-method> <!-- validLogin -->
        <test-method is-config="true" signature="teardown()[pri:0, instance:testScripts.LoginTest@3d1cfad4]" started-at="2023-12-12T15:56:33 GMT" name="teardown" finished-at="2023-12-12T15:56:34 GMT" duration-ms="101" status="PASS">
          <reporter-output>
          </reporter-output>
        </test-method> <!-- teardown -->
        <test-method is-config="true" signature="setup()[pri:0, instance:testScripts.LoginTest@3d1cfad4]" started-at="2023-12-12T15:56:34 GMT" name="setup" finished-at="2023-12-12T15:56:35 GMT" duration-ms="1301" status="PASS">
          <reporter-output>
          </reporter-output>
        </test-method> <!-- setup -->
        <test-method signature="validLogin(java.lang.String, java.lang.String)[pri:0, instance:testScripts.LoginTest@3d1cfad4]" started-at="2023-12-12T15:56:35 GMT" name="validLogin" data-provider="loginData" finished-at="2023-12-12T15:56:38 GMT" duration-ms="3389" status="PASS">
          <params>
            <param index="0">
              <value>
                <![CDATA[testuser1]]>
              </value>
            </param>
            <param index="1">
              <value>
                <![CDATA[welcome123]]>
              </value>
            </param>
          </params>
          <reporter-output>
          </reporter-output>
        </test-method> <!-- validLogin -->
        <test-method is-config="true" signature="teardown()[pri:0, instance:testScripts.LoginTest@3d1cfad4]" started-at="2023-12-12T15:56:38 GMT" name="teardown" finished-at="2023-12-12T15:56:38 GMT" duration-ms="83" status="PASS">
          <reporter-output>
          </reporter-output>
        </test-method> <!-- teardown -->
      </class> <!-- testScripts.LoginTest -->
    </test> <!-- Default test -->
  </suite> <!-- Default suite -->
</testng-results>
