<?xml version="1.0" encoding="UTF-8"?>
<testng-results ignored="0" total="2" passed="2" failed="0" skipped="0">
  <reporter-output>
  </reporter-output>
  <suite started-at="2023-12-11T15:51:04 GMT" name="Default suite" finished-at="2023-12-11T15:51:17 GMT" duration-ms="12828">
    <groups>
    </groups>
    <test started-at="2023-12-11T15:51:04 GMT" name="Default test" finished-at="2023-12-11T15:51:17 GMT" duration-ms="12828">
      <class name="testScripts.GooglePageTest">
        <test-method is-config="true" signature="setup()[pri:0, instance:testScripts.GooglePageTest@2892dae4]" started-at="2023-12-11T15:51:04 GMT" name="setup" finished-at="2023-12-11T15:51:06 GMT" duration-ms="2410" status="PASS">
          <reporter-output>
          </reporter-output>
        </test-method> <!-- setup -->
        <test-method signature="javaSearchTest()[pri:0, instance:testScripts.GooglePageTest@2892dae4]" started-at="2023-12-11T15:51:06 GMT" name="javaSearchTest" finished-at="2023-12-11T15:51:11 GMT" duration-ms="4424" status="PASS">
          <reporter-output>
          </reporter-output>
        </test-method> <!-- javaSearchTest -->
        <test-method is-config="true" signature="tearDown()[pri:0, instance:testScripts.GooglePageTest@2892dae4]" started-at="2023-12-11T15:51:11 GMT" name="tearDown" finished-at="2023-12-11T15:51:11 GMT" duration-ms="0" status="PASS">
          <reporter-output>
          </reporter-output>
        </test-method> <!-- tearDown -->
        <test-method is-config="true" signature="setup()[pri:0, instance:testScripts.GooglePageTest@2892dae4]" started-at="2023-12-11T15:51:11 GMT" name="setup" finished-at="2023-12-11T15:51:12 GMT" duration-ms="1523" status="PASS">
          <reporter-output>
          </reporter-output>
        </test-method> <!-- setup -->
        <test-method signature="seleniumSearchTest()[pri:0, instance:testScripts.GooglePageTest@2892dae4]" started-at="2023-12-11T15:51:12 GMT" name="seleniumSearchTest" finished-at="2023-12-11T15:51:17 GMT" duration-ms="4425" status="PASS">
          <reporter-output>
          </reporter-output>
        </test-method> <!-- seleniumSearchTest -->
        <test-method is-config="true" signature="tearDown()[pri:0, instance:testScripts.GooglePageTest@2892dae4]" started-at="2023-12-11T15:51:17 GMT" name="tearDown" finished-at="2023-12-11T15:51:17 GMT" duration-ms="1" status="PASS">
          <reporter-output>
          </reporter-output>
        </test-method> <!-- tearDown -->
      </class> <!-- testScripts.GooglePageTest -->
    </test> <!-- Default test -->
  </suite> <!-- Default suite -->
</testng-results>
